

============================== 2022-09-28 18:46:40.781297 | ec4d67c3-bd20-48b9-9db8-e4deaa26498b ==============================
[0m18:46:40.781309 [info ] [MainThread]: Running with dbt=1.2.1
[0m18:46:40.781692 [debug] [MainThread]: running dbt with arguments {'write_json': True, 'use_colors': True, 'printer_width': 80, 'version_check': True, 'partial_parse': True, 'static_parser': True, 'profiles_dir': '/home/abdullah/.dbt', 'send_anonymous_usage_stats': True, 'event_buffer_size': 100000, 'quiet': False, 'no_print': False, 'project_name': 'dbt_testing', 'skip_profile_setup': False, 'which': 'init', 'indirect_selection': 'eager'}
[0m18:46:40.781888 [debug] [MainThread]: Tracking: tracking
[0m18:46:40.782412 [debug] [MainThread]: Sending event: {'category': 'dbt', 'action': 'invocation', 'label': 'start', 'context': [<snowplow_tracker.self_describing_json.SelfDescribingJson object at 0x7f8b398b3f10>, <snowplow_tracker.self_describing_json.SelfDescribingJson object at 0x7f8b398b3990>, <snowplow_tracker.self_describing_json.SelfDescribingJson object at 0x7f8b398b3c90>]}
[0m18:46:40.783248 [debug] [MainThread]: Starter project path: /home/abdullah/onmytable/dbt_study/envs/python_7/new_env/lib/python3.7/site-packages/dbt/include/starter_project
[0m19:03:38.767945 [info ] [MainThread]: Profile dbt_testing written to /home/abdullah/.dbt/profiles.yml using target's profile_template.yml and your supplied values. Run 'dbt debug' to validate the connection.
[0m19:03:38.769944 [info ] [MainThread]: 
Your new dbt project "dbt_testing" was created!

For more information on how to configure the profiles.yml file,
please consult the dbt documentation here:

  https://docs.getdbt.com/docs/configure-your-profile

One more thing:

Need help? Don't hesitate to reach out to us via GitHub issues or on Slack:

  https://community.getdbt.com/

Happy modeling!

[0m19:03:38.770983 [debug] [MainThread]: Sending event: {'category': 'dbt', 'action': 'invocation', 'label': 'end', 'context': [<snowplow_tracker.self_describing_json.SelfDescribingJson object at 0x7f8b2a03bf50>, <snowplow_tracker.self_describing_json.SelfDescribingJson object at 0x7f8b2a03bf10>, <snowplow_tracker.self_describing_json.SelfDescribingJson object at 0x7f8b2a03bc50>]}
[0m19:03:38.771600 [debug] [MainThread]: Flushing usage events


============================== 2022-09-28 19:13:01.811793 | 4939e5e1-3f7b-4107-b532-2d100a334490 ==============================
[0m19:13:01.811807 [info ] [MainThread]: Running with dbt=1.2.1
[0m19:13:01.812296 [debug] [MainThread]: running dbt with arguments {'write_json': True, 'use_colors': True, 'printer_width': 80, 'version_check': True, 'partial_parse': True, 'static_parser': True, 'profiles_dir': '/home/abdullah/.dbt', 'send_anonymous_usage_stats': True, 'event_buffer_size': 100000, 'quiet': False, 'no_print': False, 'config_dir': False, 'which': 'debug', 'indirect_selection': 'eager'}
[0m19:13:01.812498 [debug] [MainThread]: Tracking: tracking
[0m19:13:01.813327 [debug] [MainThread]: Sending event: {'category': 'dbt', 'action': 'invocation', 'label': 'start', 'context': [<snowplow_tracker.self_describing_json.SelfDescribingJson object at 0x7fe8bf39c350>, <snowplow_tracker.self_describing_json.SelfDescribingJson object at 0x7fe8bf39c3d0>, <snowplow_tracker.self_describing_json.SelfDescribingJson object at 0x7fe8bf39cbd0>]}
[0m19:13:02.540453 [debug] [MainThread]: Executing "git --help"
[0m19:13:02.549290 [debug] [MainThread]: STDOUT: "b"usage: git [--version] [--help] [-C <path>] [-c <name>=<value>]\n           [--exec-path[=<path>]] [--html-path] [--man-path] [--info-path]\n           [-p | --paginate | -P | --no-pager] [--no-replace-objects] [--bare]\n           [--git-dir=<path>] [--work-tree=<path>] [--namespace=<name>]\n           [--super-prefix=<path>] [--config-env=<name>=<envvar>]\n           <command> [<args>]\n\nThese are common Git commands used in various situations:\n\nstart a working area (see also: git help tutorial)\n   clone     Clone a repository into a new directory\n   init      Create an empty Git repository or reinitialize an existing one\n\nwork on the current change (see also: git help everyday)\n   add       Add file contents to the index\n   mv        Move or rename a file, a directory, or a symlink\n   restore   Restore working tree files\n   rm        Remove files from the working tree and from the index\n\nexamine the history and state (see also: git help revisions)\n   bisect    Use binary search to find the commit that introduced a bug\n   diff      Show changes between commits, commit and working tree, etc\n   grep      Print lines matching a pattern\n   log       Show commit logs\n   show      Show various types of objects\n   status    Show the working tree status\n\ngrow, mark and tweak your common history\n   branch    List, create, or delete branches\n   commit    Record changes to the repository\n   merge     Join two or more development histories together\n   rebase    Reapply commits on top of another base tip\n   reset     Reset current HEAD to the specified state\n   switch    Switch branches\n   tag       Create, list, delete or verify a tag object signed with GPG\n\ncollaborate (see also: git help workflows)\n   fetch     Download objects and refs from another repository\n   pull      Fetch from and integrate with another repository or a local branch\n   push      Update remote refs along with associated objects\n\n'git help -a' and 'git help -g' list available subcommands and some\nconcept guides. See 'git help <command>' or 'git help <concept>'\nto read about a specific subcommand or concept.\nSee 'git help git' for an overview of the system.\n""
[0m19:13:02.549805 [debug] [MainThread]: STDERR: "b''"
[0m19:13:02.555740 [debug] [MainThread]: Acquiring new snowflake connection "debug"
[0m19:13:02.557447 [debug] [MainThread]: Using snowflake connection "debug"
[0m19:13:02.557684 [debug] [MainThread]: On debug: select 1 as id
[0m19:13:02.557862 [debug] [MainThread]: Opening a new connection, currently in state init
[0m19:13:08.701322 [debug] [MainThread]: Snowflake adapter: Got an error when attempting to open a snowflake connection. No retries attempted: '250001: Could not connect to Snowflake backend after 0 attempt(s).Aborting'
[0m19:13:08.701687 [debug] [MainThread]: Snowflake adapter: Error running SQL: select 1 as id
[0m19:13:08.701831 [debug] [MainThread]: Snowflake adapter: Rolling back transaction.
[0m19:13:08.702039 [debug] [MainThread]: On debug: No close available on handle
[0m19:13:08.702481 [debug] [MainThread]: Sending event: {'category': 'dbt', 'action': 'invocation', 'label': 'end', 'context': [<snowplow_tracker.self_describing_json.SelfDescribingJson object at 0x7fe8ae9d6bd0>, <snowplow_tracker.self_describing_json.SelfDescribingJson object at 0x7fe8ae9d6150>, <snowplow_tracker.self_describing_json.SelfDescribingJson object at 0x7fe8ae9d6290>]}
[0m19:13:08.702898 [debug] [MainThread]: Flushing usage events
[0m19:13:09.591623 [debug] [MainThread]: Connection 'debug' was properly closed.
